<?xml version="1.0" encoding="UTF-8"?>
<!-- Generated by org.testng.reporters.JUnitReportReporter -->
<testsuite hostname="LTIN121945" failures="0" tests="1" name="testSuite.Regression" time="104.585" errors="0" timestamp="2022-01-06T10:06:41 IST" skipped="0">
  <testcase classname="testSuite.Regression" name="regressiontesting" time="104.585"/>
  <system-out/>
</testsuite> <!-- testSuite.Regression -->
