<?xml version="1.0" encoding="UTF-8"?>
<!-- Generated by org.testng.reporters.JUnitReportReporter -->
<testsuite hostname="LTIN121945" failures="0" tests="1" name="testSuite.SmokeTest" time="10.296" errors="0" timestamp="2022-01-06T10:06:41 IST" skipped="0">
  <testcase classname="testSuite.SmokeTest" name="smoketesting" time="10.296"/>
  <system-out/>
</testsuite> <!-- testSuite.SmokeTest -->
